20170316035229
20170316035735
20170316035847
20170316040317
20170316041207
$ git clone "https://spqa:anhminhhehe7565775@github.com/spqa/flipmanga.git" "/home/www/truyentranh18/truyentranh18/releases/20170317114129" --branch="truyentranh18" --depth="1"
git clone "https://spqa:anhminhhehe7565775@github.com/spqa/flipmanga.git" "/home/www/truyentranh18/truyentranh18/releases/20170317114129" --branch="truyentranh18" --depth="1"
Cloning into '/home/www/truyentranh18/truyentranh18/releases/20170317114129'...
$ cd /home/www/truyentranh18/truyentranh18/releases/20170317114129
$ git submodule update --init --recursive
cd /home/www/truyentranh18/truyentranh18/releases/20170317114129
git submodule update --init --recursive

which: no bundle in (/usr/local/sbin:/usr/local/bin:/usr/sbin:/usr/bin)
/usr/bin/composer
$ cd /home/www/truyentranh18/truyentranh18/releases/20170317114129
$ /usr/bin/composer install --no-interaction --no-dev --prefer-dist
cd /home/www/truyentranh18/truyentranh18/releases/20170317114129
/usr/bin/composer install --no-interaction --no-dev --prefer-dist
PHP Warning:  Module 'zip' already loaded in Unknown on line 0
Do not run Composer as root/super user! See https://getcomposer.org/root for details
Loading composer repositories with package information
Installing dependencies from lock file
Package operations: 48 installs, 0 updates, 0 removals
  - Installing symfony/finder (v3.1.8) Loading from cache
  - Installing symfony/polyfill-mbstring (v1.3.0) Loading from cache
  - Installing symfony/var-dumper (v3.1.8) Loading from cache
  - Installing psr/log (1.0.2) Loading from cache
  - Installing maximebf/debugbar (v1.13.0) Loading from cache
  - Installing vlucas/phpdotenv (v2.4.0) Loading from cache
  - Installing symfony/translation (v3.1.8) Loading from cache
  - Installing symfony/routing (v3.1.8) Loading from cache
  - Installing symfony/process (v3.1.8) Loading from cache
  - Installing symfony/http-foundation (v3.1.8) Loading from cache
  - Installing symfony/event-dispatcher (v3.2.1) Loading from cache
  - Installing symfony/debug (v3.1.8) Loading from cache
  - Installing symfony/http-kernel (v3.1.8) Loading from cache
  - Installing symfony/console (v3.1.8) Loading from cache
  - Installing swiftmailer/swiftmailer (v5.4.4) Loading from cache
  - Installing paragonie/random_compat (v2.0.4) Loading from cache
  - Installing ramsey/uuid (3.5.2) Loading from cache
  - Installing nikic/php-parser (v2.1.1) Loading from cache
  - Installing jakub-onderka/php-console-color (0.1) Loading from cache
  - Installing jakub-onderka/php-console-highlighter (v0.3.2) Loading from cache
  - Installing dnoegel/php-xdg-base-dir (0.1) Loading from cache
  - Installing psy/psysh (v0.7.2) Loading from cache
  - Installing nesbot/carbon (1.21.0) Loading from cache
  - Installing mtdowling/cron-expression (v1.1.0) Loading from cache
  - Installing monolog/monolog (1.22.0) Loading from cache
  - Installing league/flysystem (1.0.32) Loading from cache
  - Installing symfony/polyfill-util (v1.3.0) Loading from cache
  - Installing symfony/polyfill-php56 (v1.3.0) Loading from cache
  - Installing jeremeamia/superclosure (2.3.0) Loading from cache
  - Installing doctrine/inflector (v1.1.0) Loading from cache
  - Installing classpreloader/classpreloader (3.1.0) Loading from cache
  - Installing laravel/framework (v5.3.26) Loading from cache
  - Installing barryvdh/laravel-debugbar (v2.3.0) Loading from cache
  - Installing symfony/class-loader (v3.2.1) Loading from cache
  - Installing barryvdh/reflection-docblock (v2.0.4) Loading from cache
  - Installing barryvdh/laravel-ide-helper (v2.2.2) Loading from cache
  - Installing google/recaptcha (1.1.2) Loading from cache
  - Installing guzzlehttp/promises (1.3.0) Loading from cache
  - Installing psr/http-message (1.0.1) Loading from cache
  - Installing guzzlehttp/psr7 (1.3.1) Loading from cache
  - Installing intervention/image (2.3.8) Loading from cache
  - Installing guzzlehttp/guzzle (6.2.2) Loading from cache
  - Installing j0k3r/php-imgur-api-client (3.0.0) Loading from cache
  - Installing league/oauth1-client (1.7.0) Loading from cache
  - Installing laravel/socialite (v2.0.20) Loading from cache
  - Installing predis/predis (v1.1.1) Loading from cache
  - Installing roumen/sitemap (v2.6.4) Loading from cache
  - Installing sunra/php-simple-html-dom-parser (v1.5.2) Loading from cache
Generating autoload files
> Illuminate\Foundation\ComposerScripts::postInstall
which: no npm in (/usr/local/sbin:/usr/local/bin:/usr/sbin:/usr/bin)
$ cd /home/www/truyentranh18/truyentranh18/releases/20170317114129
$ npm install
cd /home/www/truyentranh18/truyentranh18/releases/20170317114129
npm install
bash: npm: command not found
which: no bower in (/usr/local/sbin:/usr/local/bin:/usr/sbin:/usr/bin)
which: no bower in (/home/www/truyentranh18/truyentranh18/releases/20170317114129/node_modules/.bin)
$ cd /home/www/truyentranh18/truyentranh18/releases/20170317114129
$ chmod -R 755 /home/www/truyentranh18/truyentranh18/releases/20170317114129/app/database/production.sqlite
$ chmod -R g+s /home/www/truyentranh18/truyentranh18/releases/20170317114129/app/database/production.sqlite
$ chown -R nginx:nginx /home/www/truyentranh18/truyentranh18/releases/20170317114129/app/database/production.sqlite
cd /home/www/truyentranh18/truyentranh18/releases/20170317114129
chmod -R 755 /home/www/truyentranh18/truyentranh18/releases/20170317114129/app/database/production.sqlite
chmod -R g+s /home/www/truyentranh18/truyentranh18/releases/20170317114129/app/database/production.sqlite
chown -R nginx:nginx /home/www/truyentranh18/truyentranh18/releases/20170317114129/app/database/production.sqlite
chmod: cannot access ‘/home/www/truyentranh18/truyentranh18/releases/20170317114129/app/database/production.sqlite’: No such file or directory
$ cd /home/www/truyentranh18/truyentranh18/releases/20170317114129
$ chmod -R 755 /home/www/truyentranh18/truyentranh18/releases/20170317114129/storage
$ chmod -R g+s /home/www/truyentranh18/truyentranh18/releases/20170317114129/storage
$ chown -R nginx:nginx /home/www/truyentranh18/truyentranh18/releases/20170317114129/storage
cd /home/www/truyentranh18/truyentranh18/releases/20170317114129
chmod -R 755 /home/www/truyentranh18/truyentranh18/releases/20170317114129/storage
chmod -R g+s /home/www/truyentranh18/truyentranh18/releases/20170317114129/storage
chown -R nginx:nginx /home/www/truyentranh18/truyentranh18/releases/20170317114129/storage

$ cd /home/www/truyentranh18/truyentranh18/releases/20170317114129
$ chmod -R 755 /home/www/truyentranh18/truyentranh18/releases/20170317114129/public
$ chmod -R g+s /home/www/truyentranh18/truyentranh18/releases/20170317114129/public
$ chown -R nginx:nginx /home/www/truyentranh18/truyentranh18/releases/20170317114129/public
cd /home/www/truyentranh18/truyentranh18/releases/20170317114129
chmod -R 755 /home/www/truyentranh18/truyentranh18/releases/20170317114129/public
chmod -R g+s /home/www/truyentranh18/truyentranh18/releases/20170317114129/public
chown -R nginx:nginx /home/www/truyentranh18/truyentranh18/releases/20170317114129/public

$ rm -rf /home/www/truyentranh18/truyentranh18/releases/20170317114129/storage/logs
rm -rf /home/www/truyentranh18/truyentranh18/releases/20170317114129/storage/logs

$ ln -s /home/www/truyentranh18/truyentranh18/shared/storage/logs /home/www/truyentranh18/truyentranh18/releases/20170317114129/storage/logs-temp
$ mv -Tf /home/www/truyentranh18/truyentranh18/releases/20170317114129/storage/logs-temp /home/www/truyentranh18/truyentranh18/releases/20170317114129/storage/logs
ln -s /home/www/truyentranh18/truyentranh18/shared/storage/logs /home/www/truyentranh18/truyentranh18/releases/20170317114129/storage/logs-temp
mv -Tf /home/www/truyentranh18/truyentranh18/releases/20170317114129/storage/logs-temp /home/www/truyentranh18/truyentranh18/releases/20170317114129/storage/logs

$ ln -s /home/www/truyentranh18/truyentranh18/shared/.env /home/www/truyentranh18/truyentranh18/releases/20170317114129/.env-temp
$ mv -Tf /home/www/truyentranh18/truyentranh18/releases/20170317114129/.env-temp /home/www/truyentranh18/truyentranh18/releases/20170317114129/.env
ln -s /home/www/truyentranh18/truyentranh18/shared/.env /home/www/truyentranh18/truyentranh18/releases/20170317114129/.env-temp
mv -Tf /home/www/truyentranh18/truyentranh18/releases/20170317114129/.env-temp /home/www/truyentranh18/truyentranh18/releases/20170317114129/.env

$ rm -rf /home/www/truyentranh18/truyentranh18/releases/20170317114129/storage/app/public
rm -rf /home/www/truyentranh18/truyentranh18/releases/20170317114129/storage/app/public

$ ln -s /home/www/truyentranh18/truyentranh18/shared/storage/app/public /home/www/truyentranh18/truyentranh18/releases/20170317114129/storage/app/public-temp
$ mv -Tf /home/www/truyentranh18/truyentranh18/releases/20170317114129/storage/app/public-temp /home/www/truyentranh18/truyentranh18/releases/20170317114129/storage/app/public
ln -s /home/www/truyentranh18/truyentranh18/shared/storage/app/public /home/www/truyentranh18/truyentranh18/releases/20170317114129/storage/app/public-temp
mv -Tf /home/www/truyentranh18/truyentranh18/releases/20170317114129/storage/app/public-temp /home/www/truyentranh18/truyentranh18/releases/20170317114129/storage/app/public

$ ln -s /home/www/truyentranh18/truyentranh18/releases/20170317114129 /home/www/truyentranh18/truyentranh18/current-temp
$ mv -Tf /home/www/truyentranh18/truyentranh18/current-temp /home/www/truyentranh18/truyentranh18/current
ln -s /home/www/truyentranh18/truyentranh18/releases/20170317114129 /home/www/truyentranh18/truyentranh18/current-temp
mv -Tf /home/www/truyentranh18/truyentranh18/current-temp /home/www/truyentranh18/truyentranh18/current

$ cd /home/www/truyentranh18/truyentranh18/releases/20170317114129
$ php artisan optimize --env="truyentranh18"
cd /home/www/truyentranh18/truyentranh18/releases/20170317114129
php artisan optimize --env="truyentranh18"
PHP Warning:  Module 'zip' already loaded in Unknown on line 0
Generating optimized class loader
Compiling common classes
$ cd /home/www/truyentranh18/truyentranh18/releases/20170317114129
$ php artisan route:cache --env="truyentranh18"
cd /home/www/truyentranh18/truyentranh18/releases/20170317114129
php artisan route:cache --env="truyentranh18"
PHP Warning:  Module 'zip' already loaded in Unknown on line 0
Route cache cleared!
Routes cached successfully!
$ cd /home/www/truyentranh18/truyentranh18/releases/20170317114129
$ php artisan config:cache --env="truyentranh18"
cd /home/www/truyentranh18/truyentranh18/releases/20170317114129
php artisan config:cache --env="truyentranh18"
PHP Warning:  Module 'zip' already loaded in Unknown on line 0
Configuration cache cleared!
Configuration cached successfully!
<fg=cyan>production/0/truyentranh18</fg=cyan> |=> Successfully deployed release 20170317114129
$ rm -rf /home/www/truyentranh18/truyentranh18/releases/20170316035229
rm -rf /home/www/truyentranh18/truyentranh18/releases/20170316035229

$ cd /home/www/truyentranh18/truyentranh18/releases/20170317114129
$ ln -s /home/www/truyentranh18/truyentranh18/shared/storage/app/public/images public/
cd /home/www/truyentranh18/truyentranh18/releases/20170317114129
ln -s /home/www/truyentranh18/truyentranh18/shared/storage/app/public/images public/

<fg=cyan>production/0/truyentranh18</fg=cyan> |=> Removing <info>1 release</info> from the server